SUCCESS: Deep_BPE_200
SUCCESS: Deep_Unigram_100
SUCCESS: Deep_Unigram_200
SUCCESS: ProSST-1024
SUCCESS: Deep_Unigram_800
SUCCESS: ProSST-4096
SUCCESS: Deep_BPE_100
SUCCESS: Deep_BPE_50
SUCCESS: ProPrime-650M-OGT
SUCCESS: ProtBert-uniref50
SUCCESS: Deep_BPE_3200
SUCCESS: ProtT5-xl-uniref50
SUCCESS: Deep_BPE_800
SUCCESS: ESM-1v-1
SUCCESS: Deep_Unigram_1600
SUCCESS: ESM-1v-3
SUCCESS: ESM-1v-2
SUCCESS: ESM-1v-5
SUCCESS: ProtBert-bfd
SUCCESS: ESM-1v-4
SUCCESS: Ankh-base
SUCCESS: ESM2-35M
SUCCESS: Deep_base
SUCCESS: Deep_Unigram_3200
SUCCESS: ProSST-20
SUCCESS: Deep_Unigram_400
SUCCESS: ProtT5-xl-bfd
SUCCESS: ESM2-8M
SUCCESS: ESM2-650M
SUCCESS: Deep_BPE_1600
SUCCESS: ProSST-128
SUCCESS: Deep_Unigram_50
SUCCESS: ProSST-2048
SUCCESS: ESM2-150M
SUCCESS: Deep_BPE_400
SUCCESS: ESM-1b
SUCCESS: Ankh-large
SUCCESS: ProPrime-690M
SUCCESS: ProSST-512
